<?xml version="1.0" encoding="UTF-8"?>
<testsuites name="jest tests" tests="1" failures="0" errors="0" time="4.534">
  <testsuite name="Test get method" errors="0" failures="0" skipped="0" timestamp="2021-05-24T11:37:21" time="2.484" tests="1">
    <testcase classname="Test get method It should response the GET method" name="Test get method It should response the GET method" time="0.039">
    </testcase>
  </testsuite>
</testsuites>