<?xml version="1.0" encoding="UTF-8"?>
<testsuites name="jest tests" tests="1" failures="0" errors="0" time="5.748">
  <testsuite name="webdriver" errors="0" failures="0" skipped="0" timestamp="2021-05-25T14:39:01" time="3.485" tests="1">
    <testcase classname="webdriver it performs a validation of the search box on the page" name="webdriver it performs a validation of the search box on the page" time="0.385">
    </testcase>
  </testsuite>
</testsuites>